2023-07-25 16:59:32,688 INFO [org.apache.kafka.clients.consumer.internals.ConsumerCoordinator] [Consumer clientId=consumer-API-1, groupId=API] Revoke previously assigned partitions Product-0
2023-07-25 16:59:32,688 INFO [org.springframework.kafka.listener.KafkaMessageListenerContainer] API: partitions revoked: [Product-0]
2023-07-25 16:59:32,689 INFO [org.apache.kafka.clients.consumer.internals.ConsumerCoordinator] [Consumer clientId=consumer-API-1, groupId=API] Member consumer-API-1-a96f7f3d-dadd-4a3c-9b87-c0d77e3b31f4 sending LeaveGroup request to coordinator LAPTOP-KUM1Q5OP:9092 (id: 2147483647 rack: null) due to the consumer unsubscribed from all topics
2023-07-25 16:59:32,689 INFO [org.apache.kafka.clients.consumer.internals.ConsumerCoordinator] [Consumer clientId=consumer-API-1, groupId=API] Resetting generation due to: consumer pro-actively leaving the group
2023-07-25 16:59:32,689 INFO [org.apache.kafka.clients.consumer.internals.ConsumerCoordinator] [Consumer clientId=consumer-API-1, groupId=API] Request joining group due to: consumer pro-actively leaving the group
2023-07-25 16:59:32,689 INFO [org.apache.kafka.clients.consumer.KafkaConsumer] [Consumer clientId=consumer-API-1, groupId=API] Unsubscribed all topics or patterns and assigned partitions
2023-07-25 16:59:32,689 INFO [org.apache.kafka.clients.consumer.internals.ConsumerCoordinator] [Consumer clientId=consumer-API-1, groupId=API] Resetting generation due to: consumer pro-actively leaving the group
2023-07-25 16:59:32,689 INFO [org.apache.kafka.clients.consumer.internals.ConsumerCoordinator] [Consumer clientId=consumer-API-1, groupId=API] Request joining group due to: consumer pro-actively leaving the group
2023-07-25 16:59:32,692 INFO [org.apache.kafka.common.metrics.Metrics] Metrics scheduler closed
2023-07-25 16:59:32,692 INFO [org.apache.kafka.common.metrics.Metrics] Closing reporter org.apache.kafka.common.metrics.JmxReporter
2023-07-25 16:59:32,692 INFO [org.apache.kafka.common.metrics.Metrics] Metrics reporters closed
2023-07-25 16:59:32,694 INFO [org.apache.kafka.common.utils.AppInfoParser] App info kafka.consumer for consumer-API-1 unregistered
2023-07-25 16:59:32,695 INFO [org.springframework.kafka.listener.KafkaMessageListenerContainer] API: Consumer stopped
2023-07-25 16:59:32,735 INFO [org.springframework.orm.jpa.LocalContainerEntityManagerFactoryBean] Closing JPA EntityManagerFactory for persistence unit 'default'
2023-07-25 16:59:32,736 INFO [com.zaxxer.hikari.HikariDataSource] HikariPool-1 - Shutdown initiated...
2023-07-25 16:59:32,739 INFO [com.zaxxer.hikari.HikariDataSource] HikariPool-1 - Shutdown completed.
2023-07-25 17:25:08,799 INFO [com.Api.product.ProductApplication] Starting ProductApplication using Java 20.0.1 on LAPTOP-KUM1Q5OP with PID 16416 (C:\Users\Samarth\Desktop\ProductAPI\target\classes started by Samarth in C:\Users\Samarth\Desktop\ProductAPI)
2023-07-25 17:25:08,803 INFO [com.Api.product.ProductApplication] No active profile set, falling back to 1 default profile: "default"
2023-07-25 17:25:09,230 INFO [org.springframework.data.repository.config.RepositoryConfigurationDelegate] Bootstrapping Spring Data JPA repositories in DEFAULT mode.
2023-07-25 17:25:09,250 INFO [org.springframework.data.repository.config.RepositoryConfigurationDelegate] Finished Spring Data repository scanning in 7 ms. Found 0 JPA repository interfaces.
2023-07-25 17:25:09,849 INFO [org.springframework.boot.web.embedded.tomcat.TomcatWebServer] Tomcat initialized with port(s): 8082 (http)
2023-07-25 17:25:09,854 INFO [org.apache.coyote.http11.Http11NioProtocol] Initializing ProtocolHandler ["http-nio-8082"]
2023-07-25 17:25:09,857 INFO [org.apache.catalina.core.StandardService] Starting service [Tomcat]
2023-07-25 17:25:09,858 INFO [org.apache.catalina.core.StandardEngine] Starting Servlet engine: [Apache Tomcat/9.0.76]
2023-07-25 17:25:10,018 INFO [org.apache.catalina.core.ContainerBase.[Tomcat].[localhost].[/]] Initializing Spring embedded WebApplicationContext
2023-07-25 17:25:10,018 INFO [org.springframework.boot.web.servlet.context.ServletWebServerApplicationContext] Root WebApplicationContext: initialization completed in 1180 ms
2023-07-25 17:25:10,121 INFO [org.redisson.Version] Redisson 3.13.3
2023-07-25 17:25:10,359 INFO [org.redisson.connection.pool.MasterPubSubConnectionPool] 1 connections initialized for /127.0.0.1:6379
2023-07-25 17:25:10,363 INFO [org.redisson.connection.pool.MasterConnectionPool] 24 connections initialized for /127.0.0.1:6379
2023-07-25 17:25:10,406 INFO [org.redisson.Version] Redisson 3.13.3
2023-07-25 17:25:10,446 INFO [org.redisson.connection.pool.MasterPubSubConnectionPool] 1 connections initialized for localhost/127.0.0.1:6379
2023-07-25 17:25:10,449 INFO [org.redisson.connection.pool.MasterConnectionPool] 24 connections initialized for localhost/127.0.0.1:6379
2023-07-25 17:25:10,460 INFO [org.springframework.beans.factory.annotation.AutowiredAnnotationBeanPostProcessor] Autowired annotation is not supported on static fields: public static final java.lang.String com.Api.product.service.ProductService.TOPIC
2023-07-25 17:25:10,474 INFO [com.zaxxer.hikari.HikariDataSource] springHikariCP - Starting...
2023-07-25 17:25:10,735 INFO [com.zaxxer.hikari.HikariDataSource] springHikariCP - Start completed.
2023-07-25 17:25:10,831 INFO [org.hibernate.Version] HHH000412: Hibernate ORM core version 5.6.15.Final
2023-07-25 17:25:10,997 INFO [org.hibernate.annotations.common.Version] HCANN000001: Hibernate Commons Annotations {5.1.2.Final}
2023-07-25 17:25:11,071 INFO [org.hibernate.dialect.Dialect] HHH000400: Using dialect: org.hibernate.dialect.MySQL57Dialect
2023-07-25 17:25:11,392 INFO [org.hibernate.engine.transaction.jta.platform.internal.JtaPlatformInitiator] HHH000490: Using JtaPlatform implementation: [org.hibernate.engine.transaction.jta.platform.internal.NoJtaPlatform]
2023-07-25 17:25:11,529 WARN [org.springframework.boot.autoconfigure.orm.jpa.JpaBaseConfiguration$JpaWebConfiguration] spring.jpa.open-in-view is enabled by default. Therefore, database queries may be performed during view rendering. Explicitly configure spring.jpa.open-in-view to disable this warning
2023-07-25 17:25:12,008 INFO [org.apache.kafka.clients.consumer.ConsumerConfig] ConsumerConfig values: 
	allow.auto.create.topics = true
	auto.commit.interval.ms = 5000
	auto.offset.reset = latest
	bootstrap.servers = [127.0.0.1:9092]
	check.crcs = true
	client.dns.lookup = use_all_dns_ips
	client.id = consumer-API-1
	client.rack = 
	connections.max.idle.ms = 540000
	default.api.timeout.ms = 60000
	enable.auto.commit = false
	exclude.internal.topics = true
	fetch.max.bytes = 52428800
	fetch.max.wait.ms = 500
	fetch.min.bytes = 1
	group.id = API
	group.instance.id = null
	heartbeat.interval.ms = 3000
	interceptor.classes = []
	internal.leave.group.on.close = true
	internal.throw.on.fetch.stable.offset.unsupported = false
	isolation.level = read_uncommitted
	key.deserializer = class org.apache.kafka.common.serialization.StringDeserializer
	max.partition.fetch.bytes = 1048576
	max.poll.interval.ms = 300000
	max.poll.records = 500
	metadata.max.age.ms = 300000
	metric.reporters = []
	metrics.num.samples = 2
	metrics.recording.level = INFO
	metrics.sample.window.ms = 30000
	partition.assignment.strategy = [class org.apache.kafka.clients.consumer.RangeAssignor, class org.apache.kafka.clients.consumer.CooperativeStickyAssignor]
	receive.buffer.bytes = 65536
	reconnect.backoff.max.ms = 1000
	reconnect.backoff.ms = 50
	request.timeout.ms = 30000
	retry.backoff.ms = 100
	sasl.client.callback.handler.class = null
	sasl.jaas.config = null
	sasl.kerberos.kinit.cmd = /usr/bin/kinit
	sasl.kerberos.min.time.before.relogin = 60000
	sasl.kerberos.service.name = null
	sasl.kerberos.ticket.renew.jitter = 0.05
	sasl.kerberos.ticket.renew.window.factor = 0.8
	sasl.login.callback.handler.class = null
	sasl.login.class = null
	sasl.login.connect.timeout.ms = null
	sasl.login.read.timeout.ms = null
	sasl.login.refresh.buffer.seconds = 300
	sasl.login.refresh.min.period.seconds = 60
	sasl.login.refresh.window.factor = 0.8
	sasl.login.refresh.window.jitter = 0.05
	sasl.login.retry.backoff.max.ms = 10000
	sasl.login.retry.backoff.ms = 100
	sasl.mechanism = GSSAPI
	sasl.oauthbearer.clock.skew.seconds = 30
	sasl.oauthbearer.expected.audience = null
	sasl.oauthbearer.expected.issuer = null
	sasl.oauthbearer.jwks.endpoint.refresh.ms = 3600000
	sasl.oauthbearer.jwks.endpoint.retry.backoff.max.ms = 10000
	sasl.oauthbearer.jwks.endpoint.retry.backoff.ms = 100
	sasl.oauthbearer.jwks.endpoint.url = null
	sasl.oauthbearer.scope.claim.name = scope
	sasl.oauthbearer.sub.claim.name = sub
	sasl.oauthbearer.token.endpoint.url = null
	security.protocol = PLAINTEXT
	security.providers = null
	send.buffer.bytes = 131072
	session.timeout.ms = 45000
	socket.connection.setup.timeout.max.ms = 30000
	socket.connection.setup.timeout.ms = 10000
	ssl.cipher.suites = null
	ssl.enabled.protocols = [TLSv1.2, TLSv1.3]
	ssl.endpoint.identification.algorithm = https
	ssl.engine.factory.class = null
	ssl.key.password = null
	ssl.keymanager.algorithm = SunX509
	ssl.keystore.certificate.chain = null
	ssl.keystore.key = null
	ssl.keystore.location = null
	ssl.keystore.password = null
	ssl.keystore.type = JKS
	ssl.protocol = TLSv1.3
	ssl.provider = null
	ssl.secure.random.implementation = null
	ssl.trustmanager.algorithm = PKIX
	ssl.truststore.certificates = null
	ssl.truststore.location = null
	ssl.truststore.password = null
	ssl.truststore.type = JKS
	value.deserializer = class org.springframework.kafka.support.serializer.JsonDeserializer

2023-07-25 17:25:12,126 INFO [org.apache.kafka.common.utils.AppInfoParser] Kafka version: 3.1.2
2023-07-25 17:25:12,126 INFO [org.apache.kafka.common.utils.AppInfoParser] Kafka commitId: f8c67dc3ae0a3265
2023-07-25 17:25:12,126 INFO [org.apache.kafka.common.utils.AppInfoParser] Kafka startTimeMs: 1690286112125
2023-07-25 17:25:12,128 INFO [org.apache.kafka.clients.consumer.KafkaConsumer] [Consumer clientId=consumer-API-1, groupId=API] Subscribed to topic(s): Product
2023-07-25 17:25:12,134 INFO [org.apache.coyote.http11.Http11NioProtocol] Starting ProtocolHandler ["http-nio-8082"]
2023-07-25 17:25:12,143 INFO [org.springframework.boot.web.embedded.tomcat.TomcatWebServer] Tomcat started on port(s): 8082 (http) with context path ''
2023-07-25 17:25:12,154 INFO [com.Api.product.ProductApplication] Started ProductApplication in 3.607 seconds (JVM running for 4.051)
2023-07-25 17:25:12,368 INFO [org.apache.kafka.clients.Metadata] [Consumer clientId=consumer-API-1, groupId=API] Resetting the last seen epoch of partition Product-0 to 0 since the associated topicId changed from null to C5sh49JWRuaSpb7u4kbrPw
2023-07-25 17:25:12,369 INFO [org.apache.kafka.clients.Metadata] [Consumer clientId=consumer-API-1, groupId=API] Cluster ID: 1kX_SbdlTwuRNSHTHlaqmw
2023-07-25 17:25:12,370 INFO [org.apache.kafka.clients.consumer.internals.ConsumerCoordinator] [Consumer clientId=consumer-API-1, groupId=API] Discovered group coordinator LAPTOP-KUM1Q5OP:9092 (id: 2147483647 rack: null)
2023-07-25 17:25:12,374 INFO [org.apache.kafka.clients.consumer.internals.ConsumerCoordinator] [Consumer clientId=consumer-API-1, groupId=API] (Re-)joining group
2023-07-25 17:25:12,389 INFO [org.apache.kafka.clients.consumer.internals.ConsumerCoordinator] [Consumer clientId=consumer-API-1, groupId=API] Request joining group due to: need to re-join with the given member-id
2023-07-25 17:25:12,389 INFO [org.apache.kafka.clients.consumer.internals.ConsumerCoordinator] [Consumer clientId=consumer-API-1, groupId=API] (Re-)joining group
2023-07-25 17:25:12,391 INFO [org.apache.kafka.clients.consumer.internals.ConsumerCoordinator] [Consumer clientId=consumer-API-1, groupId=API] Successfully joined group with generation Generation{generationId=13, memberId='consumer-API-1-461a9a01-b141-4586-8613-73c75717f99a', protocol='range'}
2023-07-25 17:25:12,393 INFO [org.apache.kafka.clients.consumer.internals.ConsumerCoordinator] [Consumer clientId=consumer-API-1, groupId=API] Finished assignment for group at generation 13: {consumer-API-1-461a9a01-b141-4586-8613-73c75717f99a=Assignment(partitions=[Product-0])}
2023-07-25 17:25:12,396 INFO [org.apache.kafka.clients.consumer.internals.ConsumerCoordinator] [Consumer clientId=consumer-API-1, groupId=API] Successfully synced group in generation Generation{generationId=13, memberId='consumer-API-1-461a9a01-b141-4586-8613-73c75717f99a', protocol='range'}
2023-07-25 17:25:12,396 INFO [org.apache.kafka.clients.consumer.internals.ConsumerCoordinator] [Consumer clientId=consumer-API-1, groupId=API] Notifying assignor about the new Assignment(partitions=[Product-0])
2023-07-25 17:25:12,398 INFO [org.apache.kafka.clients.consumer.internals.ConsumerCoordinator] [Consumer clientId=consumer-API-1, groupId=API] Adding newly assigned partitions: Product-0
2023-07-25 17:25:12,403 INFO [org.apache.kafka.clients.consumer.internals.ConsumerCoordinator] [Consumer clientId=consumer-API-1, groupId=API] Setting offset for partition Product-0 to the committed offset FetchPosition{offset=0, offsetEpoch=Optional.empty, currentLeader=LeaderAndEpoch{leader=Optional[LAPTOP-KUM1Q5OP:9092 (id: 0 rack: null)], epoch=0}}
2023-07-25 17:25:12,404 INFO [org.springframework.kafka.listener.KafkaMessageListenerContainer] API: partitions assigned: [Product-0]
2023-07-25 17:28:37,841 INFO [org.apache.kafka.clients.consumer.internals.ConsumerCoordinator] [Consumer clientId=consumer-API-1, groupId=API] Revoke previously assigned partitions Product-0
2023-07-25 17:28:37,841 INFO [org.springframework.kafka.listener.KafkaMessageListenerContainer] API: partitions revoked: [Product-0]
2023-07-25 17:28:37,841 INFO [org.apache.kafka.clients.consumer.internals.ConsumerCoordinator] [Consumer clientId=consumer-API-1, groupId=API] Member consumer-API-1-461a9a01-b141-4586-8613-73c75717f99a sending LeaveGroup request to coordinator LAPTOP-KUM1Q5OP:9092 (id: 2147483647 rack: null) due to the consumer unsubscribed from all topics
2023-07-25 17:28:37,842 INFO [org.apache.kafka.clients.consumer.internals.ConsumerCoordinator] [Consumer clientId=consumer-API-1, groupId=API] Resetting generation due to: consumer pro-actively leaving the group
2023-07-25 17:28:37,842 INFO [org.apache.kafka.clients.consumer.internals.ConsumerCoordinator] [Consumer clientId=consumer-API-1, groupId=API] Request joining group due to: consumer pro-actively leaving the group
2023-07-25 17:28:37,842 INFO [org.apache.kafka.clients.consumer.KafkaConsumer] [Consumer clientId=consumer-API-1, groupId=API] Unsubscribed all topics or patterns and assigned partitions
2023-07-25 17:28:37,842 INFO [org.apache.kafka.clients.consumer.internals.ConsumerCoordinator] [Consumer clientId=consumer-API-1, groupId=API] Resetting generation due to: consumer pro-actively leaving the group
2023-07-25 17:28:37,842 INFO [org.apache.kafka.clients.consumer.internals.ConsumerCoordinator] [Consumer clientId=consumer-API-1, groupId=API] Request joining group due to: consumer pro-actively leaving the group
2023-07-25 17:28:37,844 INFO [org.apache.kafka.common.metrics.Metrics] Metrics scheduler closed
2023-07-25 17:28:37,844 INFO [org.apache.kafka.common.metrics.Metrics] Closing reporter org.apache.kafka.common.metrics.JmxReporter
2023-07-25 17:28:37,844 INFO [org.apache.kafka.common.metrics.Metrics] Metrics reporters closed
2023-07-25 17:28:37,847 INFO [org.apache.kafka.common.utils.AppInfoParser] App info kafka.consumer for consumer-API-1 unregistered
2023-07-25 17:28:37,847 INFO [org.springframework.kafka.listener.KafkaMessageListenerContainer] API: Consumer stopped
2023-07-25 17:28:37,850 INFO [com.zaxxer.hikari.HikariDataSource] springHikariCP - Shutdown initiated...
2023-07-25 17:28:37,853 INFO [com.zaxxer.hikari.HikariDataSource] springHikariCP - Shutdown completed.
2023-07-25 17:28:40,723 INFO [com.Api.product.ProductApplication] Starting ProductApplication using Java 20.0.1 on LAPTOP-KUM1Q5OP with PID 25980 (C:\Users\Samarth\Desktop\ProductAPI\target\classes started by Samarth in C:\Users\Samarth\Desktop\ProductAPI)
2023-07-25 17:28:40,725 INFO [com.Api.product.ProductApplication] No active profile set, falling back to 1 default profile: "default"
2023-07-25 17:28:41,143 INFO [org.springframework.data.repository.config.RepositoryConfigurationDelegate] Bootstrapping Spring Data JPA repositories in DEFAULT mode.
2023-07-25 17:28:41,155 INFO [org.springframework.data.repository.config.RepositoryConfigurationDelegate] Finished Spring Data repository scanning in 5 ms. Found 0 JPA repository interfaces.
2023-07-25 17:28:41,714 INFO [org.springframework.boot.web.embedded.tomcat.TomcatWebServer] Tomcat initialized with port(s): 8082 (http)
2023-07-25 17:28:41,718 INFO [org.apache.coyote.http11.Http11NioProtocol] Initializing ProtocolHandler ["http-nio-8082"]
2023-07-25 17:28:41,720 INFO [org.apache.catalina.core.StandardService] Starting service [Tomcat]
2023-07-25 17:28:41,720 INFO [org.apache.catalina.core.StandardEngine] Starting Servlet engine: [Apache Tomcat/9.0.76]
2023-07-25 17:28:41,883 INFO [org.apache.catalina.core.ContainerBase.[Tomcat].[localhost].[/]] Initializing Spring embedded WebApplicationContext
2023-07-25 17:28:41,884 INFO [org.springframework.boot.web.servlet.context.ServletWebServerApplicationContext] Root WebApplicationContext: initialization completed in 1121 ms
2023-07-25 17:28:41,987 INFO [org.redisson.Version] Redisson 3.13.3
2023-07-25 17:28:42,216 INFO [org.redisson.connection.pool.MasterPubSubConnectionPool] 1 connections initialized for /127.0.0.1:6379
2023-07-25 17:28:42,220 INFO [org.redisson.connection.pool.MasterConnectionPool] 24 connections initialized for /127.0.0.1:6379
2023-07-25 17:28:42,275 INFO [org.redisson.Version] Redisson 3.13.3
2023-07-25 17:28:42,316 INFO [org.redisson.connection.pool.MasterPubSubConnectionPool] 1 connections initialized for localhost/127.0.0.1:6379
2023-07-25 17:28:42,318 INFO [org.redisson.connection.pool.MasterConnectionPool] 24 connections initialized for localhost/127.0.0.1:6379
2023-07-25 17:28:42,330 INFO [org.springframework.beans.factory.annotation.AutowiredAnnotationBeanPostProcessor] Autowired annotation is not supported on static fields: public static final java.lang.String com.Api.product.service.ProductService.TOPIC
2023-07-25 17:28:42,344 INFO [com.zaxxer.hikari.HikariDataSource] springHikariCP - Starting...
2023-07-25 17:28:42,579 INFO [com.zaxxer.hikari.HikariDataSource] springHikariCP - Start completed.
2023-07-25 17:28:42,741 INFO [org.hibernate.Version] HHH000412: Hibernate ORM core version 5.6.15.Final
2023-07-25 17:28:42,864 INFO [org.hibernate.annotations.common.Version] HCANN000001: Hibernate Commons Annotations {5.1.2.Final}
2023-07-25 17:28:42,930 INFO [org.hibernate.dialect.Dialect] HHH000400: Using dialect: org.hibernate.dialect.MySQL57Dialect
2023-07-25 17:28:43,258 INFO [org.hibernate.engine.transaction.jta.platform.internal.JtaPlatformInitiator] HHH000490: Using JtaPlatform implementation: [org.hibernate.engine.transaction.jta.platform.internal.NoJtaPlatform]
2023-07-25 17:28:43,869 INFO [org.apache.kafka.clients.consumer.ConsumerConfig] ConsumerConfig values: 
	allow.auto.create.topics = true
	auto.commit.interval.ms = 5000
	auto.offset.reset = latest
	bootstrap.servers = [127.0.0.1:9092]
	check.crcs = true
	client.dns.lookup = use_all_dns_ips
	client.id = consumer-API-1
	client.rack = 
	connections.max.idle.ms = 540000
	default.api.timeout.ms = 60000
	enable.auto.commit = false
	exclude.internal.topics = true
	fetch.max.bytes = 52428800
	fetch.max.wait.ms = 500
	fetch.min.bytes = 1
	group.id = API
	group.instance.id = null
	heartbeat.interval.ms = 3000
	interceptor.classes = []
	internal.leave.group.on.close = true
	internal.throw.on.fetch.stable.offset.unsupported = false
	isolation.level = read_uncommitted
	key.deserializer = class org.apache.kafka.common.serialization.StringDeserializer
	max.partition.fetch.bytes = 1048576
	max.poll.interval.ms = 300000
	max.poll.records = 500
	metadata.max.age.ms = 300000
	metric.reporters = []
	metrics.num.samples = 2
	metrics.recording.level = INFO
	metrics.sample.window.ms = 30000
	partition.assignment.strategy = [class org.apache.kafka.clients.consumer.RangeAssignor, class org.apache.kafka.clients.consumer.CooperativeStickyAssignor]
	receive.buffer.bytes = 65536
	reconnect.backoff.max.ms = 1000
	reconnect.backoff.ms = 50
	request.timeout.ms = 30000
	retry.backoff.ms = 100
	sasl.client.callback.handler.class = null
	sasl.jaas.config = null
	sasl.kerberos.kinit.cmd = /usr/bin/kinit
	sasl.kerberos.min.time.before.relogin = 60000
	sasl.kerberos.service.name = null
	sasl.kerberos.ticket.renew.jitter = 0.05
	sasl.kerberos.ticket.renew.window.factor = 0.8
	sasl.login.callback.handler.class = null
	sasl.login.class = null
	sasl.login.connect.timeout.ms = null
	sasl.login.read.timeout.ms = null
	sasl.login.refresh.buffer.seconds = 300
	sasl.login.refresh.min.period.seconds = 60
	sasl.login.refresh.window.factor = 0.8
	sasl.login.refresh.window.jitter = 0.05
	sasl.login.retry.backoff.max.ms = 10000
	sasl.login.retry.backoff.ms = 100
	sasl.mechanism = GSSAPI
	sasl.oauthbearer.clock.skew.seconds = 30
	sasl.oauthbearer.expected.audience = null
	sasl.oauthbearer.expected.issuer = null
	sasl.oauthbearer.jwks.endpoint.refresh.ms = 3600000
	sasl.oauthbearer.jwks.endpoint.retry.backoff.max.ms = 10000
	sasl.oauthbearer.jwks.endpoint.retry.backoff.ms = 100
	sasl.oauthbearer.jwks.endpoint.url = null
	sasl.oauthbearer.scope.claim.name = scope
	sasl.oauthbearer.sub.claim.name = sub
	sasl.oauthbearer.token.endpoint.url = null
	security.protocol = PLAINTEXT
	security.providers = null
	send.buffer.bytes = 131072
	session.timeout.ms = 45000
	socket.connection.setup.timeout.max.ms = 30000
	socket.connection.setup.timeout.ms = 10000
	ssl.cipher.suites = null
	ssl.enabled.protocols = [TLSv1.2, TLSv1.3]
	ssl.endpoint.identification.algorithm = https
	ssl.engine.factory.class = null
	ssl.key.password = null
	ssl.keymanager.algorithm = SunX509
	ssl.keystore.certificate.chain = null
	ssl.keystore.key = null
	ssl.keystore.location = null
	ssl.keystore.password = null
	ssl.keystore.type = JKS
	ssl.protocol = TLSv1.3
	ssl.provider = null
	ssl.secure.random.implementation = null
	ssl.trustmanager.algorithm = PKIX
	ssl.truststore.certificates = null
	ssl.truststore.location = null
	ssl.truststore.password = null
	ssl.truststore.type = JKS
	value.deserializer = class org.springframework.kafka.support.serializer.JsonDeserializer

2023-07-25 17:28:43,988 INFO [org.apache.kafka.common.utils.AppInfoParser] Kafka version: 3.1.2
2023-07-25 17:28:43,988 INFO [org.apache.kafka.common.utils.AppInfoParser] Kafka commitId: f8c67dc3ae0a3265
2023-07-25 17:28:43,988 INFO [org.apache.kafka.common.utils.AppInfoParser] Kafka startTimeMs: 1690286323987
2023-07-25 17:28:43,990 INFO [org.apache.kafka.clients.consumer.KafkaConsumer] [Consumer clientId=consumer-API-1, groupId=API] Subscribed to topic(s): Product
2023-07-25 17:28:43,997 INFO [org.apache.coyote.http11.Http11NioProtocol] Starting ProtocolHandler ["http-nio-8082"]
2023-07-25 17:28:44,007 INFO [org.springframework.boot.web.embedded.tomcat.TomcatWebServer] Tomcat started on port(s): 8082 (http) with context path ''
2023-07-25 17:28:44,018 INFO [com.Api.product.ProductApplication] Started ProductApplication in 3.551 seconds (JVM running for 4.0)
2023-07-25 17:28:44,214 INFO [org.apache.kafka.clients.Metadata] [Consumer clientId=consumer-API-1, groupId=API] Resetting the last seen epoch of partition Product-0 to 0 since the associated topicId changed from null to C5sh49JWRuaSpb7u4kbrPw
2023-07-25 17:28:44,216 INFO [org.apache.kafka.clients.Metadata] [Consumer clientId=consumer-API-1, groupId=API] Cluster ID: 1kX_SbdlTwuRNSHTHlaqmw
2023-07-25 17:28:44,216 INFO [org.apache.kafka.clients.consumer.internals.ConsumerCoordinator] [Consumer clientId=consumer-API-1, groupId=API] Discovered group coordinator LAPTOP-KUM1Q5OP:9092 (id: 2147483647 rack: null)
2023-07-25 17:28:44,218 INFO [org.apache.kafka.clients.consumer.internals.ConsumerCoordinator] [Consumer clientId=consumer-API-1, groupId=API] (Re-)joining group
2023-07-25 17:28:44,226 INFO [org.apache.kafka.clients.consumer.internals.ConsumerCoordinator] [Consumer clientId=consumer-API-1, groupId=API] Request joining group due to: need to re-join with the given member-id
2023-07-25 17:28:44,226 INFO [org.apache.kafka.clients.consumer.internals.ConsumerCoordinator] [Consumer clientId=consumer-API-1, groupId=API] (Re-)joining group
2023-07-25 17:28:44,227 INFO [org.apache.kafka.clients.consumer.internals.ConsumerCoordinator] [Consumer clientId=consumer-API-1, groupId=API] Successfully joined group with generation Generation{generationId=15, memberId='consumer-API-1-524895a7-5d4c-47ec-88dc-addf83ff5ae4', protocol='range'}
2023-07-25 17:28:44,229 INFO [org.apache.kafka.clients.consumer.internals.ConsumerCoordinator] [Consumer clientId=consumer-API-1, groupId=API] Finished assignment for group at generation 15: {consumer-API-1-524895a7-5d4c-47ec-88dc-addf83ff5ae4=Assignment(partitions=[Product-0])}
2023-07-25 17:28:44,232 INFO [org.apache.kafka.clients.consumer.internals.ConsumerCoordinator] [Consumer clientId=consumer-API-1, groupId=API] Successfully synced group in generation Generation{generationId=15, memberId='consumer-API-1-524895a7-5d4c-47ec-88dc-addf83ff5ae4', protocol='range'}
2023-07-25 17:28:44,233 INFO [org.apache.kafka.clients.consumer.internals.ConsumerCoordinator] [Consumer clientId=consumer-API-1, groupId=API] Notifying assignor about the new Assignment(partitions=[Product-0])
2023-07-25 17:28:44,234 INFO [org.apache.kafka.clients.consumer.internals.ConsumerCoordinator] [Consumer clientId=consumer-API-1, groupId=API] Adding newly assigned partitions: Product-0
2023-07-25 17:28:44,242 INFO [org.apache.kafka.clients.consumer.internals.ConsumerCoordinator] [Consumer clientId=consumer-API-1, groupId=API] Setting offset for partition Product-0 to the committed offset FetchPosition{offset=0, offsetEpoch=Optional.empty, currentLeader=LeaderAndEpoch{leader=Optional[LAPTOP-KUM1Q5OP:9092 (id: 0 rack: null)], epoch=0}}
2023-07-25 17:28:44,243 INFO [org.springframework.kafka.listener.KafkaMessageListenerContainer] API: partitions assigned: [Product-0]
2023-07-25 17:28:49,051 INFO [org.apache.catalina.core.ContainerBase.[Tomcat].[localhost].[/]] Initializing Spring DispatcherServlet 'dispatcherServlet'
2023-07-25 17:28:49,051 INFO [org.springframework.web.servlet.DispatcherServlet] Initializing Servlet 'dispatcherServlet'
2023-07-25 17:28:49,052 INFO [org.springframework.web.servlet.DispatcherServlet] Completed initialization in 1 ms
2023-07-25 17:28:49,206 INFO [com.Api.product.dao.ProductDaoImplementation] Got All the products in the table
2023-07-25 17:28:55,965 INFO [com.Api.product.dao.ProductDaoImplementation] Product with enable = true listed
2023-07-25 17:29:03,385 INFO [com.Api.product.dao.ProductDaoImplementation] Product Updated!
2023-07-25 17:32:23,189 INFO [org.apache.kafka.clients.consumer.internals.ConsumerCoordinator] [Consumer clientId=consumer-API-1, groupId=API] Revoke previously assigned partitions Product-0
2023-07-25 17:32:23,190 INFO [org.springframework.kafka.listener.KafkaMessageListenerContainer] API: partitions revoked: [Product-0]
2023-07-25 17:32:23,190 INFO [org.apache.kafka.clients.consumer.internals.ConsumerCoordinator] [Consumer clientId=consumer-API-1, groupId=API] Member consumer-API-1-524895a7-5d4c-47ec-88dc-addf83ff5ae4 sending LeaveGroup request to coordinator LAPTOP-KUM1Q5OP:9092 (id: 2147483647 rack: null) due to the consumer unsubscribed from all topics
2023-07-25 17:32:23,190 INFO [org.apache.kafka.clients.consumer.internals.ConsumerCoordinator] [Consumer clientId=consumer-API-1, groupId=API] Resetting generation due to: consumer pro-actively leaving the group
2023-07-25 17:32:23,190 INFO [org.apache.kafka.clients.consumer.internals.ConsumerCoordinator] [Consumer clientId=consumer-API-1, groupId=API] Request joining group due to: consumer pro-actively leaving the group
2023-07-25 17:32:23,190 INFO [org.apache.kafka.clients.consumer.KafkaConsumer] [Consumer clientId=consumer-API-1, groupId=API] Unsubscribed all topics or patterns and assigned partitions
2023-07-25 17:32:23,191 INFO [org.apache.kafka.clients.consumer.internals.ConsumerCoordinator] [Consumer clientId=consumer-API-1, groupId=API] Resetting generation due to: consumer pro-actively leaving the group
2023-07-25 17:32:23,191 INFO [org.apache.kafka.clients.consumer.internals.ConsumerCoordinator] [Consumer clientId=consumer-API-1, groupId=API] Request joining group due to: consumer pro-actively leaving the group
2023-07-25 17:32:23,194 INFO [org.apache.kafka.common.metrics.Metrics] Metrics scheduler closed
2023-07-25 17:32:23,194 INFO [org.apache.kafka.common.metrics.Metrics] Closing reporter org.apache.kafka.common.metrics.JmxReporter
2023-07-25 17:32:23,194 INFO [org.apache.kafka.common.metrics.Metrics] Metrics reporters closed
2023-07-25 17:32:23,196 INFO [org.apache.kafka.common.utils.AppInfoParser] App info kafka.consumer for consumer-API-1 unregistered
2023-07-25 17:32:23,197 INFO [org.springframework.kafka.listener.KafkaMessageListenerContainer] API: Consumer stopped
2023-07-25 17:32:23,199 INFO [com.zaxxer.hikari.HikariDataSource] springHikariCP - Shutdown initiated...
2023-07-25 17:32:23,202 INFO [com.zaxxer.hikari.HikariDataSource] springHikariCP - Shutdown completed.
2023-07-25 17:32:24,874 INFO [com.Api.product.ProductApplication] Starting ProductApplication using Java 20.0.1 on LAPTOP-KUM1Q5OP with PID 23600 (C:\Users\Samarth\Desktop\ProductAPI\target\classes started by Samarth in C:\Users\Samarth\Desktop\ProductAPI)
2023-07-25 17:32:24,876 INFO [com.Api.product.ProductApplication] No active profile set, falling back to 1 default profile: "default"
2023-07-25 17:32:25,278 INFO [org.springframework.data.repository.config.RepositoryConfigurationDelegate] Bootstrapping Spring Data JPA repositories in DEFAULT mode.
2023-07-25 17:32:25,291 INFO [org.springframework.data.repository.config.RepositoryConfigurationDelegate] Finished Spring Data repository scanning in 5 ms. Found 0 JPA repository interfaces.
2023-07-25 17:32:25,851 INFO [org.springframework.boot.web.embedded.tomcat.TomcatWebServer] Tomcat initialized with port(s): 8082 (http)
2023-07-25 17:32:25,855 INFO [org.apache.coyote.http11.Http11NioProtocol] Initializing ProtocolHandler ["http-nio-8082"]
2023-07-25 17:32:25,856 INFO [org.apache.catalina.core.StandardService] Starting service [Tomcat]
2023-07-25 17:32:25,857 INFO [org.apache.catalina.core.StandardEngine] Starting Servlet engine: [Apache Tomcat/9.0.76]
2023-07-25 17:32:26,021 INFO [org.apache.catalina.core.ContainerBase.[Tomcat].[localhost].[/]] Initializing Spring embedded WebApplicationContext
2023-07-25 17:32:26,021 INFO [org.springframework.boot.web.servlet.context.ServletWebServerApplicationContext] Root WebApplicationContext: initialization completed in 1109 ms
2023-07-25 17:32:26,130 INFO [org.redisson.Version] Redisson 3.13.3
2023-07-25 17:32:26,349 INFO [org.redisson.connection.pool.MasterPubSubConnectionPool] 1 connections initialized for /127.0.0.1:6379
2023-07-25 17:32:26,353 INFO [org.redisson.connection.pool.MasterConnectionPool] 24 connections initialized for /127.0.0.1:6379
2023-07-25 17:32:26,406 INFO [org.redisson.Version] Redisson 3.13.3
2023-07-25 17:32:26,445 INFO [org.redisson.connection.pool.MasterPubSubConnectionPool] 1 connections initialized for localhost/127.0.0.1:6379
2023-07-25 17:32:26,448 INFO [org.redisson.connection.pool.MasterConnectionPool] 24 connections initialized for localhost/127.0.0.1:6379
2023-07-25 17:32:26,459 INFO [org.springframework.beans.factory.annotation.AutowiredAnnotationBeanPostProcessor] Autowired annotation is not supported on static fields: public static final java.lang.String com.Api.product.service.ProductService.TOPIC
2023-07-25 17:32:26,473 INFO [com.zaxxer.hikari.HikariDataSource] springHikariCP - Starting...
2023-07-25 17:32:26,704 INFO [com.zaxxer.hikari.HikariDataSource] springHikariCP - Start completed.
2023-07-25 17:32:26,845 INFO [org.hibernate.Version] HHH000412: Hibernate ORM core version 5.6.15.Final
2023-07-25 17:32:26,973 INFO [org.hibernate.annotations.common.Version] HCANN000001: Hibernate Commons Annotations {5.1.2.Final}
2023-07-25 17:32:27,048 INFO [org.hibernate.dialect.Dialect] HHH000400: Using dialect: org.hibernate.dialect.MySQL57Dialect
2023-07-25 17:32:27,370 INFO [org.hibernate.engine.transaction.jta.platform.internal.JtaPlatformInitiator] HHH000490: Using JtaPlatform implementation: [org.hibernate.engine.transaction.jta.platform.internal.NoJtaPlatform]
2023-07-25 17:32:27,868 INFO [org.apache.kafka.clients.consumer.ConsumerConfig] ConsumerConfig values: 
	allow.auto.create.topics = true
	auto.commit.interval.ms = 5000
	auto.offset.reset = latest
	bootstrap.servers = [127.0.0.1:9092]
	check.crcs = true
	client.dns.lookup = use_all_dns_ips
	client.id = consumer-API-1
	client.rack = 
	connections.max.idle.ms = 540000
	default.api.timeout.ms = 60000
	enable.auto.commit = false
	exclude.internal.topics = true
	fetch.max.bytes = 52428800
	fetch.max.wait.ms = 500
	fetch.min.bytes = 1
	group.id = API
	group.instance.id = null
	heartbeat.interval.ms = 3000
	interceptor.classes = []
	internal.leave.group.on.close = true
	internal.throw.on.fetch.stable.offset.unsupported = false
	isolation.level = read_uncommitted
	key.deserializer = class org.apache.kafka.common.serialization.StringDeserializer
	max.partition.fetch.bytes = 1048576
	max.poll.interval.ms = 300000
	max.poll.records = 500
	metadata.max.age.ms = 300000
	metric.reporters = []
	metrics.num.samples = 2
	metrics.recording.level = INFO
	metrics.sample.window.ms = 30000
	partition.assignment.strategy = [class org.apache.kafka.clients.consumer.RangeAssignor, class org.apache.kafka.clients.consumer.CooperativeStickyAssignor]
	receive.buffer.bytes = 65536
	reconnect.backoff.max.ms = 1000
	reconnect.backoff.ms = 50
	request.timeout.ms = 30000
	retry.backoff.ms = 100
	sasl.client.callback.handler.class = null
	sasl.jaas.config = null
	sasl.kerberos.kinit.cmd = /usr/bin/kinit
	sasl.kerberos.min.time.before.relogin = 60000
	sasl.kerberos.service.name = null
	sasl.kerberos.ticket.renew.jitter = 0.05
	sasl.kerberos.ticket.renew.window.factor = 0.8
	sasl.login.callback.handler.class = null
	sasl.login.class = null
	sasl.login.connect.timeout.ms = null
	sasl.login.read.timeout.ms = null
	sasl.login.refresh.buffer.seconds = 300
	sasl.login.refresh.min.period.seconds = 60
	sasl.login.refresh.window.factor = 0.8
	sasl.login.refresh.window.jitter = 0.05
	sasl.login.retry.backoff.max.ms = 10000
	sasl.login.retry.backoff.ms = 100
	sasl.mechanism = GSSAPI
	sasl.oauthbearer.clock.skew.seconds = 30
	sasl.oauthbearer.expected.audience = null
	sasl.oauthbearer.expected.issuer = null
	sasl.oauthbearer.jwks.endpoint.refresh.ms = 3600000
	sasl.oauthbearer.jwks.endpoint.retry.backoff.max.ms = 10000
	sasl.oauthbearer.jwks.endpoint.retry.backoff.ms = 100
	sasl.oauthbearer.jwks.endpoint.url = null
	sasl.oauthbearer.scope.claim.name = scope
	sasl.oauthbearer.sub.claim.name = sub
	sasl.oauthbearer.token.endpoint.url = null
	security.protocol = PLAINTEXT
	security.providers = null
	send.buffer.bytes = 131072
	session.timeout.ms = 45000
	socket.connection.setup.timeout.max.ms = 30000
	socket.connection.setup.timeout.ms = 10000
	ssl.cipher.suites = null
	ssl.enabled.protocols = [TLSv1.2, TLSv1.3]
	ssl.endpoint.identification.algorithm = https
	ssl.engine.factory.class = null
	ssl.key.password = null
	ssl.keymanager.algorithm = SunX509
	ssl.keystore.certificate.chain = null
	ssl.keystore.key = null
	ssl.keystore.location = null
	ssl.keystore.password = null
	ssl.keystore.type = JKS
	ssl.protocol = TLSv1.3
	ssl.provider = null
	ssl.secure.random.implementation = null
	ssl.trustmanager.algorithm = PKIX
	ssl.truststore.certificates = null
	ssl.truststore.location = null
	ssl.truststore.password = null
	ssl.truststore.type = JKS
	value.deserializer = class org.springframework.kafka.support.serializer.JsonDeserializer

2023-07-25 17:32:27,979 INFO [org.apache.kafka.common.utils.AppInfoParser] Kafka version: 3.1.2
2023-07-25 17:32:27,979 INFO [org.apache.kafka.common.utils.AppInfoParser] Kafka commitId: f8c67dc3ae0a3265
2023-07-25 17:32:27,979 INFO [org.apache.kafka.common.utils.AppInfoParser] Kafka startTimeMs: 1690286547978
2023-07-25 17:32:27,981 INFO [org.apache.kafka.clients.consumer.KafkaConsumer] [Consumer clientId=consumer-API-1, groupId=API] Subscribed to topic(s): Product
2023-07-25 17:32:27,986 INFO [org.apache.coyote.http11.Http11NioProtocol] Starting ProtocolHandler ["http-nio-8082"]
2023-07-25 17:32:27,996 INFO [org.springframework.boot.web.embedded.tomcat.TomcatWebServer] Tomcat started on port(s): 8082 (http) with context path ''
2023-07-25 17:32:28,006 INFO [com.Api.product.ProductApplication] Started ProductApplication in 3.381 seconds (JVM running for 3.843)
2023-07-25 17:32:28,204 INFO [org.apache.kafka.clients.Metadata] [Consumer clientId=consumer-API-1, groupId=API] Resetting the last seen epoch of partition Product-0 to 0 since the associated topicId changed from null to C5sh49JWRuaSpb7u4kbrPw
2023-07-25 17:32:28,205 INFO [org.apache.kafka.clients.Metadata] [Consumer clientId=consumer-API-1, groupId=API] Cluster ID: 1kX_SbdlTwuRNSHTHlaqmw
2023-07-25 17:32:28,206 INFO [org.apache.kafka.clients.consumer.internals.ConsumerCoordinator] [Consumer clientId=consumer-API-1, groupId=API] Discovered group coordinator LAPTOP-KUM1Q5OP:9092 (id: 2147483647 rack: null)
2023-07-25 17:32:28,207 INFO [org.apache.kafka.clients.consumer.internals.ConsumerCoordinator] [Consumer clientId=consumer-API-1, groupId=API] (Re-)joining group
2023-07-25 17:32:28,215 INFO [org.apache.kafka.clients.consumer.internals.ConsumerCoordinator] [Consumer clientId=consumer-API-1, groupId=API] Request joining group due to: need to re-join with the given member-id
2023-07-25 17:32:28,215 INFO [org.apache.kafka.clients.consumer.internals.ConsumerCoordinator] [Consumer clientId=consumer-API-1, groupId=API] (Re-)joining group
2023-07-25 17:32:28,217 INFO [org.apache.kafka.clients.consumer.internals.ConsumerCoordinator] [Consumer clientId=consumer-API-1, groupId=API] Successfully joined group with generation Generation{generationId=17, memberId='consumer-API-1-a446896f-2763-445f-9011-5f878d301cad', protocol='range'}
2023-07-25 17:32:28,218 INFO [org.apache.kafka.clients.consumer.internals.ConsumerCoordinator] [Consumer clientId=consumer-API-1, groupId=API] Finished assignment for group at generation 17: {consumer-API-1-a446896f-2763-445f-9011-5f878d301cad=Assignment(partitions=[Product-0])}
2023-07-25 17:32:28,222 INFO [org.apache.kafka.clients.consumer.internals.ConsumerCoordinator] [Consumer clientId=consumer-API-1, groupId=API] Successfully synced group in generation Generation{generationId=17, memberId='consumer-API-1-a446896f-2763-445f-9011-5f878d301cad', protocol='range'}
2023-07-25 17:32:28,222 INFO [org.apache.kafka.clients.consumer.internals.ConsumerCoordinator] [Consumer clientId=consumer-API-1, groupId=API] Notifying assignor about the new Assignment(partitions=[Product-0])
2023-07-25 17:32:28,223 INFO [org.apache.kafka.clients.consumer.internals.ConsumerCoordinator] [Consumer clientId=consumer-API-1, groupId=API] Adding newly assigned partitions: Product-0
2023-07-25 17:32:28,230 INFO [org.apache.kafka.clients.consumer.internals.ConsumerCoordinator] [Consumer clientId=consumer-API-1, groupId=API] Setting offset for partition Product-0 to the committed offset FetchPosition{offset=0, offsetEpoch=Optional.empty, currentLeader=LeaderAndEpoch{leader=Optional[LAPTOP-KUM1Q5OP:9092 (id: 0 rack: null)], epoch=0}}
2023-07-25 17:32:28,230 INFO [org.springframework.kafka.listener.KafkaMessageListenerContainer] API: partitions assigned: [Product-0]
2023-07-25 17:32:31,786 INFO [org.apache.catalina.core.ContainerBase.[Tomcat].[localhost].[/]] Initializing Spring DispatcherServlet 'dispatcherServlet'
2023-07-25 17:32:31,786 INFO [org.springframework.web.servlet.DispatcherServlet] Initializing Servlet 'dispatcherServlet'
2023-07-25 17:32:31,786 INFO [org.springframework.web.servlet.DispatcherServlet] Completed initialization in 0 ms
2023-07-25 17:32:39,267 INFO [com.Api.product.dao.ProductDaoImplementation] Product Updated!
2023-07-25 17:33:58,295 INFO [com.Api.product.dao.ProductDaoImplementation] Product Updated!
2023-07-25 17:34:11,559 INFO [org.apache.kafka.clients.consumer.internals.ConsumerCoordinator] [Consumer clientId=consumer-API-1, groupId=API] Revoke previously assigned partitions Product-0
2023-07-25 17:34:11,559 INFO [org.springframework.kafka.listener.KafkaMessageListenerContainer] API: partitions revoked: [Product-0]
2023-07-25 17:34:11,559 INFO [org.apache.kafka.clients.consumer.internals.ConsumerCoordinator] [Consumer clientId=consumer-API-1, groupId=API] Member consumer-API-1-a446896f-2763-445f-9011-5f878d301cad sending LeaveGroup request to coordinator LAPTOP-KUM1Q5OP:9092 (id: 2147483647 rack: null) due to the consumer unsubscribed from all topics
2023-07-25 17:34:11,559 INFO [org.apache.kafka.clients.consumer.internals.ConsumerCoordinator] [Consumer clientId=consumer-API-1, groupId=API] Resetting generation due to: consumer pro-actively leaving the group
2023-07-25 17:34:11,559 INFO [org.apache.kafka.clients.consumer.internals.ConsumerCoordinator] [Consumer clientId=consumer-API-1, groupId=API] Request joining group due to: consumer pro-actively leaving the group
2023-07-25 17:34:11,559 INFO [org.apache.kafka.clients.consumer.KafkaConsumer] [Consumer clientId=consumer-API-1, groupId=API] Unsubscribed all topics or patterns and assigned partitions
2023-07-25 17:34:11,559 INFO [org.apache.kafka.clients.consumer.internals.ConsumerCoordinator] [Consumer clientId=consumer-API-1, groupId=API] Resetting generation due to: consumer pro-actively leaving the group
2023-07-25 17:34:11,559 INFO [org.apache.kafka.clients.consumer.internals.ConsumerCoordinator] [Consumer clientId=consumer-API-1, groupId=API] Request joining group due to: consumer pro-actively leaving the group
2023-07-25 17:34:11,559 INFO [org.apache.kafka.common.metrics.Metrics] Metrics scheduler closed
2023-07-25 17:34:11,559 INFO [org.apache.kafka.common.metrics.Metrics] Closing reporter org.apache.kafka.common.metrics.JmxReporter
2023-07-25 17:34:11,559 INFO [org.apache.kafka.common.metrics.Metrics] Metrics reporters closed
2023-07-25 17:34:11,575 INFO [org.apache.kafka.common.utils.AppInfoParser] App info kafka.consumer for consumer-API-1 unregistered
2023-07-25 17:34:11,575 INFO [org.springframework.kafka.listener.KafkaMessageListenerContainer] API: Consumer stopped
2023-07-25 17:34:11,575 INFO [com.zaxxer.hikari.HikariDataSource] springHikariCP - Shutdown initiated...
2023-07-25 17:34:11,575 INFO [com.zaxxer.hikari.HikariDataSource] springHikariCP - Shutdown completed.
